------------------------------------------
System Performance Monitoring - Thu May 15 18:24:54 IST 2025
------------------------------------------

--- TOP Command Snapshot ---

--- VMStat Snapshot ---

--- Disk Usage (df -h) ---
Filesystem                                            Size    Used   Avail Capacity iused ifree %iused  Mounted on
/dev/disk3s1s1                                       228Gi    10Gi   131Gi     8%    425k  1.4G    0%   /
devfs                                                224Ki   224Ki     0Bi   100%     776     0  100%   /dev
/dev/disk3s6                                         228Gi    20Ki   131Gi     1%       0  1.4G    0%   /System/Volumes/VM
/dev/disk3s2                                         228Gi   6.6Gi   131Gi     5%    1.2k  1.4G    0%   /System/Volumes/Preboot
/dev/disk3s4                                         228Gi   4.1Mi   131Gi     1%      54  1.4G    0%   /System/Volumes/Update
/dev/disk1s2                                         500Mi   6.0Mi   483Mi     2%       1  4.9M    0%   /System/Volumes/xarts
/dev/disk1s1                                         500Mi   5.6Mi   483Mi     2%      28  4.9M    0%   /System/Volumes/iSCPreboot
/dev/disk1s3                                         500Mi   1.0Mi   483Mi     1%     100  4.9M    0%   /System/Volumes/Hardware
/dev/disk3s5                                         228Gi    79Gi   131Gi    38%    935k  1.4G    0%   /System/Volumes/Data
map auto_home                                          0Bi     0Bi     0Bi   100%       0     0     -   /System/Volumes/Data/home
/Users/pulkitgarg/Downloads/Visual Studio Code.app   228Gi    78Gi   132Gi    37%    960k  1.4G    0%   /private/var/folders/d1/vyvjl1gn4rldl89qdn4cvynr0000gn/T/AppTranslocation/3778A3D1-3186-4C5F-A828-596B2BB22C8A

--- Memory Usage (free -h) ---

--- Processes Summary (ps aux --sort=-%cpu | head) ---
CPU Usage: %
Memory Usage: %
Disk Usage: 8%

--- Summary ---
Summary:
CPU: %
Memory: %
Disk: 8%


Monitoring Complete: Thu May 15 18:24:54 IST 2025
------------------------------------------
